{"/mnt/c/Users/bodyb/Desktop/meteo_analyzer/src/modules/averageVisibility.ts": {"path":"/mnt/c/Users/bodyb/Desktop/meteo_analyzer/src/modules/averageVisibility.ts","all":false,"statementMap":{"0":{"start":{"line":1,"column":0},"end":{"line":1,"column":54}},"1":{"start":{"line":2,"column":0},"end":{"line":2,"column":49}},"2":{"start":{"line":3,"column":0},"end":{"line":3,"column":0}},"3":{"start":{"line":4,"column":0},"end":{"line":4,"column":73}},"4":{"start":{"line":5,"column":0},"end":{"line":5,"column":42}},"5":{"start":{"line":6,"column":0},"end":{"line":6,"column":0}},"6":{"start":{"line":7,"column":0},"end":{"line":7,"column":41}},"7":{"start":{"line":8,"column":0},"end":{"line":8,"column":12}},"8":{"start":{"line":9,"column":0},"end":{"line":9,"column":23}},"9":{"start":{"line":10,"column":0},"end":{"line":10,"column":63}},"10":{"start":{"line":11,"column":0},"end":{"line":11,"column":5}},"11":{"start":{"line":12,"column":0},"end":{"line":12,"column":35}},"12":{"start":{"line":13,"column":0},"end":{"line":13,"column":1}}},"s":{"0":1,"1":1,"2":1,"3":1,"4":9,"5":9,"6":9,"7":9,"8":8,"9":8,"10":8,"11":8,"12":8},"branchMap":{"0":{"type":"branch","line":4,"loc":{"start":{"line":4,"column":49},"end":{"line":13,"column":1}},"locations":[{"start":{"line":4,"column":49},"end":{"line":13,"column":1}}]},"1":{"type":"branch","line":8,"loc":{"start":{"line":8,"column":4},"end":{"line":8,"column":11}},"locations":[{"start":{"line":8,"column":4},"end":{"line":8,"column":11}}]},"2":{"type":"branch","line":8,"loc":{"start":{"line":8,"column":4},"end":{"line":13,"column":1}},"locations":[{"start":{"line":8,"column":4},"end":{"line":13,"column":1}}]}},"b":{"0":[9],"1":[1],"2":[8]},"fnMap":{"0":{"name":"checkVisibility","decl":{"start":{"line":4,"column":49},"end":{"line":13,"column":1}},"loc":{"start":{"line":4,"column":49},"end":{"line":13,"column":1}},"line":4}},"f":{"0":9}}
,"/mnt/c/Users/bodyb/Desktop/meteo_analyzer/src/modules/visibilityPrecision.ts": {"path":"/mnt/c/Users/bodyb/Desktop/meteo_analyzer/src/modules/visibilityPrecision.ts","all":false,"statementMap":{"0":{"start":{"line":1,"column":0},"end":{"line":1,"column":32}},"1":{"start":{"line":2,"column":0},"end":{"line":2,"column":0}},"2":{"start":{"line":3,"column":0},"end":{"line":3,"column":63}},"3":{"start":{"line":4,"column":0},"end":{"line":4,"column":34}},"4":{"start":{"line":5,"column":0},"end":{"line":5,"column":0}},"5":{"start":{"line":6,"column":0},"end":{"line":6,"column":34}},"6":{"start":{"line":7,"column":0},"end":{"line":7,"column":75}},"7":{"start":{"line":8,"column":0},"end":{"line":8,"column":14}},"8":{"start":{"line":9,"column":0},"end":{"line":9,"column":25}},"9":{"start":{"line":10,"column":0},"end":{"line":10,"column":81}},"10":{"start":{"line":11,"column":0},"end":{"line":11,"column":7}},"11":{"start":{"line":12,"column":0},"end":{"line":12,"column":28}},"12":{"start":{"line":13,"column":0},"end":{"line":13,"column":40}},"13":{"start":{"line":14,"column":0},"end":{"line":14,"column":14}},"14":{"start":{"line":15,"column":0},"end":{"line":15,"column":25}},"15":{"start":{"line":16,"column":0},"end":{"line":16,"column":103}},"16":{"start":{"line":17,"column":0},"end":{"line":17,"column":7}},"17":{"start":{"line":18,"column":0},"end":{"line":18,"column":10}},"18":{"start":{"line":19,"column":0},"end":{"line":19,"column":66}},"19":{"start":{"line":20,"column":0},"end":{"line":20,"column":14}},"20":{"start":{"line":21,"column":0},"end":{"line":21,"column":25}},"21":{"start":{"line":22,"column":0},"end":{"line":22,"column":85}},"22":{"start":{"line":23,"column":0},"end":{"line":23,"column":7}},"23":{"start":{"line":24,"column":0},"end":{"line":24,"column":3}},"24":{"start":{"line":25,"column":0},"end":{"line":25,"column":10}},"25":{"start":{"line":26,"column":0},"end":{"line":26,"column":20}},"26":{"start":{"line":27,"column":0},"end":{"line":27,"column":56}},"27":{"start":{"line":28,"column":0},"end":{"line":28,"column":3}},"28":{"start":{"line":29,"column":0},"end":{"line":29,"column":1}}},"s":{"0":1,"1":1,"2":1,"3":8,"4":8,"5":8,"6":3,"7":3,"8":3,"9":3,"10":3,"11":8,"12":2,"13":2,"14":2,"15":2,"16":2,"17":5,"18":3,"19":3,"20":3,"21":3,"22":3,"23":3,"24":5,"25":5,"26":5,"27":5,"28":5},"branchMap":{"0":{"type":"branch","line":3,"loc":{"start":{"line":3,"column":31},"end":{"line":29,"column":1}},"locations":[{"start":{"line":3,"column":31},"end":{"line":29,"column":1}}]},"1":{"type":"branch","line":6,"loc":{"start":{"line":6,"column":33},"end":{"line":12,"column":9}},"locations":[{"start":{"line":6,"column":33},"end":{"line":12,"column":9}}]},"2":{"type":"branch","line":7,"loc":{"start":{"line":7,"column":8},"end":{"line":7,"column":75}},"locations":[{"start":{"line":7,"column":8},"end":{"line":7,"column":75}}]},"3":{"type":"branch","line":8,"loc":{"start":{"line":8,"column":6},"end":{"line":8,"column":13}},"locations":[{"start":{"line":8,"column":6},"end":{"line":8,"column":13}}]},"4":{"type":"branch","line":12,"loc":{"start":{"line":12,"column":3},"end":{"line":29,"column":1}},"locations":[{"start":{"line":12,"column":3},"end":{"line":29,"column":1}}]},"5":{"type":"branch","line":12,"loc":{"start":{"line":12,"column":27},"end":{"line":18,"column":9}},"locations":[{"start":{"line":12,"column":27},"end":{"line":18,"column":9}}]},"6":{"type":"branch","line":14,"loc":{"start":{"line":14,"column":6},"end":{"line":14,"column":13}},"locations":[{"start":{"line":14,"column":6},"end":{"line":14,"column":13}}]},"7":{"type":"branch","line":18,"loc":{"start":{"line":18,"column":3},"end":{"line":24,"column":3}},"locations":[{"start":{"line":18,"column":3},"end":{"line":24,"column":3}}]},"8":{"type":"branch","line":19,"loc":{"start":{"line":19,"column":8},"end":{"line":19,"column":66}},"locations":[{"start":{"line":19,"column":8},"end":{"line":19,"column":66}}]},"9":{"type":"branch","line":20,"loc":{"start":{"line":20,"column":6},"end":{"line":20,"column":13}},"locations":[{"start":{"line":20,"column":6},"end":{"line":20,"column":13}}]}},"b":{"0":[8],"1":[3],"2":[2],"3":[1],"4":[5],"5":[2],"6":[1],"7":[3],"8":[2],"9":[1]},"fnMap":{"0":{"name":"checkPrecision","decl":{"start":{"line":3,"column":31},"end":{"line":29,"column":1}},"loc":{"start":{"line":3,"column":31},"end":{"line":29,"column":1}},"line":3}},"f":{"0":8}}
}
