{"/mnt/c/Users/bodyb/Desktop/meteo_analyzer/src/modules/minVisibility.ts": {"path":"/mnt/c/Users/bodyb/Desktop/meteo_analyzer/src/modules/minVisibility.ts","all":false,"statementMap":{"0":{"start":{"line":1,"column":0},"end":{"line":1,"column":63}},"1":{"start":{"line":2,"column":0},"end":{"line":2,"column":54}},"2":{"start":{"line":3,"column":0},"end":{"line":3,"column":0}},"3":{"start":{"line":4,"column":0},"end":{"line":4,"column":78}},"4":{"start":{"line":5,"column":0},"end":{"line":5,"column":38}},"5":{"start":{"line":6,"column":0},"end":{"line":6,"column":12}},"6":{"start":{"line":7,"column":0},"end":{"line":7,"column":23}},"7":{"start":{"line":8,"column":0},"end":{"line":8,"column":84}},"8":{"start":{"line":9,"column":0},"end":{"line":9,"column":5}},"9":{"start":{"line":10,"column":0},"end":{"line":10,"column":27}},"10":{"start":{"line":11,"column":0},"end":{"line":11,"column":12}},"11":{"start":{"line":12,"column":0},"end":{"line":12,"column":22}},"12":{"start":{"line":13,"column":0},"end":{"line":13,"column":16}},"13":{"start":{"line":14,"column":0},"end":{"line":14,"column":5}},"14":{"start":{"line":15,"column":0},"end":{"line":15,"column":91}},"15":{"start":{"line":16,"column":0},"end":{"line":16,"column":12}},"16":{"start":{"line":17,"column":0},"end":{"line":17,"column":22}},"17":{"start":{"line":18,"column":0},"end":{"line":18,"column":16}},"18":{"start":{"line":19,"column":0},"end":{"line":19,"column":5}},"19":{"start":{"line":20,"column":0},"end":{"line":20,"column":10}},"20":{"start":{"line":21,"column":0},"end":{"line":21,"column":21}},"21":{"start":{"line":22,"column":0},"end":{"line":22,"column":151}},"22":{"start":{"line":23,"column":0},"end":{"line":23,"column":3}},"23":{"start":{"line":24,"column":0},"end":{"line":24,"column":1}},"24":{"start":{"line":25,"column":0},"end":{"line":25,"column":0}},"25":{"start":{"line":26,"column":0},"end":{"line":26,"column":116}},"26":{"start":{"line":27,"column":0},"end":{"line":27,"column":0}},"27":{"start":{"line":28,"column":0},"end":{"line":28,"column":61}},"28":{"start":{"line":29,"column":0},"end":{"line":29,"column":12}},"29":{"start":{"line":30,"column":0},"end":{"line":30,"column":21}},"30":{"start":{"line":31,"column":0},"end":{"line":31,"column":15}},"31":{"start":{"line":32,"column":0},"end":{"line":32,"column":24}},"32":{"start":{"line":33,"column":0},"end":{"line":33,"column":18}},"33":{"start":{"line":34,"column":0},"end":{"line":34,"column":7}},"34":{"start":{"line":35,"column":0},"end":{"line":35,"column":5}},"35":{"start":{"line":36,"column":0},"end":{"line":36,"column":0}},"36":{"start":{"line":37,"column":0},"end":{"line":37,"column":64}},"37":{"start":{"line":38,"column":0},"end":{"line":38,"column":24}},"38":{"start":{"line":39,"column":0},"end":{"line":39,"column":12}},"39":{"start":{"line":40,"column":0},"end":{"line":40,"column":20}},"40":{"start":{"line":41,"column":0},"end":{"line":41,"column":20}},"41":{"start":{"line":42,"column":0},"end":{"line":42,"column":5}},"42":{"start":{"line":43,"column":0},"end":{"line":43,"column":0}},"43":{"start":{"line":44,"column":0},"end":{"line":44,"column":79}},"44":{"start":{"line":45,"column":0},"end":{"line":45,"column":24}},"45":{"start":{"line":46,"column":0},"end":{"line":46,"column":12}},"46":{"start":{"line":47,"column":0},"end":{"line":47,"column":20}},"47":{"start":{"line":48,"column":0},"end":{"line":48,"column":20}},"48":{"start":{"line":49,"column":0},"end":{"line":49,"column":5}},"49":{"start":{"line":50,"column":0},"end":{"line":50,"column":0}},"50":{"start":{"line":51,"column":0},"end":{"line":51,"column":10}},"51":{"start":{"line":52,"column":0},"end":{"line":52,"column":18}},"52":{"start":{"line":53,"column":0},"end":{"line":53,"column":13}},"53":{"start":{"line":54,"column":0},"end":{"line":54,"column":22}},"54":{"start":{"line":55,"column":0},"end":{"line":55,"column":203}},"55":{"start":{"line":56,"column":0},"end":{"line":56,"column":5}},"56":{"start":{"line":57,"column":0},"end":{"line":57,"column":3}},"57":{"start":{"line":58,"column":0},"end":{"line":58,"column":1}}},"s":{"0":1,"1":1,"2":1,"3":1,"4":14,"5":14,"6":13,"7":13,"8":13,"9":14,"10":14,"11":11,"12":11,"13":11,"14":14,"15":14,"16":2,"17":2,"18":2,"19":2,"20":2,"21":2,"22":2,"23":2,"24":1,"25":1,"26":18,"27":18,"28":18,"29":17,"30":17,"31":17,"32":17,"33":17,"34":17,"35":17,"36":17,"37":18,"38":18,"39":14,"40":14,"41":14,"42":14,"43":14,"44":18,"45":18,"46":11,"47":11,"48":11,"49":11,"50":11,"51":11,"52":11,"53":11,"54":18,"55":18,"56":18,"57":18},"branchMap":{"0":{"type":"branch","line":4,"loc":{"start":{"line":4,"column":19},"end":{"line":24,"column":1}},"locations":[{"start":{"line":4,"column":19},"end":{"line":24,"column":1}}]},"1":{"type":"branch","line":6,"loc":{"start":{"line":6,"column":4},"end":{"line":6,"column":11}},"locations":[{"start":{"line":6,"column":4},"end":{"line":6,"column":11}}]},"2":{"type":"branch","line":6,"loc":{"start":{"line":6,"column":4},"end":{"line":10,"column":6}},"locations":[{"start":{"line":6,"column":4},"end":{"line":10,"column":6}}]},"3":{"type":"branch","line":11,"loc":{"start":{"line":11,"column":4},"end":{"line":11,"column":11}},"locations":[{"start":{"line":11,"column":4},"end":{"line":11,"column":11}}]},"4":{"type":"branch","line":11,"loc":{"start":{"line":11,"column":4},"end":{"line":15,"column":55}},"locations":[{"start":{"line":11,"column":4},"end":{"line":15,"column":55}}]},"5":{"type":"branch","line":15,"loc":{"start":{"line":15,"column":6},"end":{"line":15,"column":91}},"locations":[{"start":{"line":15,"column":6},"end":{"line":15,"column":91}}]},"6":{"type":"branch","line":16,"loc":{"start":{"line":16,"column":4},"end":{"line":16,"column":11}},"locations":[{"start":{"line":16,"column":4},"end":{"line":16,"column":11}}]},"7":{"type":"branch","line":16,"loc":{"start":{"line":16,"column":4},"end":{"line":24,"column":1}},"locations":[{"start":{"line":16,"column":4},"end":{"line":24,"column":1}}]},"8":{"type":"branch","line":26,"loc":{"start":{"line":26,"column":49},"end":{"line":58,"column":1}},"locations":[{"start":{"line":26,"column":49},"end":{"line":58,"column":1}}]},"9":{"type":"branch","line":29,"loc":{"start":{"line":29,"column":4},"end":{"line":29,"column":11}},"locations":[{"start":{"line":29,"column":4},"end":{"line":29,"column":11}}]},"10":{"type":"branch","line":29,"loc":{"start":{"line":29,"column":4},"end":{"line":38,"column":6}},"locations":[{"start":{"line":29,"column":4},"end":{"line":38,"column":6}}]},"11":{"type":"branch","line":39,"loc":{"start":{"line":39,"column":4},"end":{"line":39,"column":11}},"locations":[{"start":{"line":39,"column":4},"end":{"line":39,"column":11}}]},"12":{"type":"branch","line":39,"loc":{"start":{"line":39,"column":4},"end":{"line":45,"column":6}},"locations":[{"start":{"line":39,"column":4},"end":{"line":45,"column":6}}]},"13":{"type":"branch","line":46,"loc":{"start":{"line":46,"column":4},"end":{"line":46,"column":11}},"locations":[{"start":{"line":46,"column":4},"end":{"line":46,"column":11}}]},"14":{"type":"branch","line":46,"loc":{"start":{"line":46,"column":4},"end":{"line":55,"column":106}},"locations":[{"start":{"line":46,"column":4},"end":{"line":55,"column":106}}]},"15":{"type":"branch","line":55,"loc":{"start":{"line":55,"column":93},"end":{"line":55,"column":175}},"locations":[{"start":{"line":55,"column":93},"end":{"line":55,"column":175}}]},"16":{"type":"branch","line":55,"loc":{"start":{"line":55,"column":93},"end":{"line":55,"column":202}},"locations":[{"start":{"line":55,"column":93},"end":{"line":55,"column":202}}]}},"b":{"0":[14],"1":[1],"2":[13],"3":[2],"4":[11],"5":[10],"6":[9],"7":[2],"8":[18],"9":[1],"10":[17],"11":[3],"12":[14],"13":[3],"14":[11],"15":[8],"16":[3]},"fnMap":{"0":{"name":"checkValue","decl":{"start":{"line":4,"column":19},"end":{"line":24,"column":1}},"loc":{"start":{"line":4,"column":19},"end":{"line":24,"column":1}},"line":4},"1":{"name":"checkMinVisibility","decl":{"start":{"line":26,"column":49},"end":{"line":58,"column":1}},"loc":{"start":{"line":26,"column":49},"end":{"line":58,"column":1}},"line":26}},"f":{"0":14,"1":18}}
,"/mnt/c/Users/bodyb/Desktop/meteo_analyzer/src/modules/visibilityPrecision.ts": {"path":"/mnt/c/Users/bodyb/Desktop/meteo_analyzer/src/modules/visibilityPrecision.ts","all":false,"statementMap":{"0":{"start":{"line":1,"column":0},"end":{"line":1,"column":32}},"1":{"start":{"line":2,"column":0},"end":{"line":2,"column":0}},"2":{"start":{"line":3,"column":0},"end":{"line":3,"column":63}},"3":{"start":{"line":4,"column":0},"end":{"line":4,"column":34}},"4":{"start":{"line":5,"column":0},"end":{"line":5,"column":0}},"5":{"start":{"line":6,"column":0},"end":{"line":6,"column":34}},"6":{"start":{"line":7,"column":0},"end":{"line":7,"column":75}},"7":{"start":{"line":8,"column":0},"end":{"line":8,"column":14}},"8":{"start":{"line":9,"column":0},"end":{"line":9,"column":25}},"9":{"start":{"line":10,"column":0},"end":{"line":10,"column":81}},"10":{"start":{"line":11,"column":0},"end":{"line":11,"column":7}},"11":{"start":{"line":12,"column":0},"end":{"line":12,"column":28}},"12":{"start":{"line":13,"column":0},"end":{"line":13,"column":40}},"13":{"start":{"line":14,"column":0},"end":{"line":14,"column":14}},"14":{"start":{"line":15,"column":0},"end":{"line":15,"column":25}},"15":{"start":{"line":16,"column":0},"end":{"line":16,"column":103}},"16":{"start":{"line":17,"column":0},"end":{"line":17,"column":7}},"17":{"start":{"line":18,"column":0},"end":{"line":18,"column":10}},"18":{"start":{"line":19,"column":0},"end":{"line":19,"column":66}},"19":{"start":{"line":20,"column":0},"end":{"line":20,"column":14}},"20":{"start":{"line":21,"column":0},"end":{"line":21,"column":25}},"21":{"start":{"line":22,"column":0},"end":{"line":22,"column":85}},"22":{"start":{"line":23,"column":0},"end":{"line":23,"column":7}},"23":{"start":{"line":24,"column":0},"end":{"line":24,"column":3}},"24":{"start":{"line":25,"column":0},"end":{"line":25,"column":10}},"25":{"start":{"line":26,"column":0},"end":{"line":26,"column":20}},"26":{"start":{"line":27,"column":0},"end":{"line":27,"column":56}},"27":{"start":{"line":28,"column":0},"end":{"line":28,"column":3}},"28":{"start":{"line":29,"column":0},"end":{"line":29,"column":1}}},"s":{"0":1,"1":1,"2":1,"3":17,"4":17,"5":17,"6":3,"7":3,"8":3,"9":3,"10":3,"11":17,"12":12,"13":12,"14":12,"15":12,"16":12,"17":14,"18":2,"19":2,"20":2,"21":2,"22":2,"23":2,"24":14,"25":14,"26":14,"27":14,"28":14},"branchMap":{"0":{"type":"branch","line":3,"loc":{"start":{"line":3,"column":31},"end":{"line":29,"column":1}},"locations":[{"start":{"line":3,"column":31},"end":{"line":29,"column":1}}]},"1":{"type":"branch","line":6,"loc":{"start":{"line":6,"column":33},"end":{"line":12,"column":9}},"locations":[{"start":{"line":6,"column":33},"end":{"line":12,"column":9}}]},"2":{"type":"branch","line":7,"loc":{"start":{"line":7,"column":8},"end":{"line":7,"column":75}},"locations":[{"start":{"line":7,"column":8},"end":{"line":7,"column":75}}]},"3":{"type":"branch","line":8,"loc":{"start":{"line":8,"column":6},"end":{"line":8,"column":13}},"locations":[{"start":{"line":8,"column":6},"end":{"line":8,"column":13}}]},"4":{"type":"branch","line":12,"loc":{"start":{"line":12,"column":3},"end":{"line":29,"column":1}},"locations":[{"start":{"line":12,"column":3},"end":{"line":29,"column":1}}]},"5":{"type":"branch","line":12,"loc":{"start":{"line":12,"column":27},"end":{"line":18,"column":9}},"locations":[{"start":{"line":12,"column":27},"end":{"line":18,"column":9}}]},"6":{"type":"branch","line":14,"loc":{"start":{"line":14,"column":6},"end":{"line":14,"column":13}},"locations":[{"start":{"line":14,"column":6},"end":{"line":14,"column":13}}]},"7":{"type":"branch","line":18,"loc":{"start":{"line":18,"column":3},"end":{"line":24,"column":3}},"locations":[{"start":{"line":18,"column":3},"end":{"line":24,"column":3}}]},"8":{"type":"branch","line":20,"loc":{"start":{"line":20,"column":6},"end":{"line":20,"column":13}},"locations":[{"start":{"line":20,"column":6},"end":{"line":20,"column":13}}]}},"b":{"0":[17],"1":[3],"2":[2],"3":[1],"4":[14],"5":[12],"6":[1],"7":[2],"8":[1]},"fnMap":{"0":{"name":"checkPrecision","decl":{"start":{"line":3,"column":31},"end":{"line":29,"column":1}},"loc":{"start":{"line":3,"column":31},"end":{"line":29,"column":1}},"line":3}},"f":{"0":17}}
}
