TN:
SF:src/modules/averageVisibility.ts
FN:4,checkVisibility
FNF:1
FNH:1
FNDA:9,checkVisibility
DA:1,1
DA:2,1
DA:3,1
DA:4,1
DA:5,9
DA:6,9
DA:7,9
DA:8,9
DA:9,8
DA:10,8
DA:11,8
DA:12,8
DA:13,8
LF:13
LH:13
BRDA:4,0,0,9
BRDA:8,1,0,1
BRDA:8,2,0,8
BRF:3
BRH:3
end_of_record
TN:
SF:src/modules/visibilityPrecision.ts
FN:3,checkPrecision
FNF:1
FNH:1
FNDA:8,checkPrecision
DA:1,1
DA:2,1
DA:3,1
DA:4,8
DA:5,8
DA:6,8
DA:7,3
DA:8,3
DA:9,3
DA:10,3
DA:11,3
DA:12,8
DA:13,2
DA:14,2
DA:15,2
DA:16,2
DA:17,2
DA:18,5
DA:19,3
DA:20,3
DA:21,3
DA:22,3
DA:23,3
DA:24,3
DA:25,5
DA:26,5
DA:27,5
DA:28,5
DA:29,5
LF:29
LH:29
BRDA:3,0,0,8
BRDA:6,1,0,3
BRDA:7,2,0,2
BRDA:8,3,0,1
BRDA:12,4,0,5
BRDA:12,5,0,2
BRDA:14,6,0,1
BRDA:18,7,0,3
BRDA:19,8,0,2
BRDA:20,9,0,1
BRF:10
BRH:10
end_of_record
