TN:
SF:src/modules/airport.ts
FN:3,checkAirport
FNF:1
FNH:1
FNDA:4,checkAirport
DA:1,1
DA:2,1
DA:3,1
DA:4,4
DA:5,4
DA:6,4
DA:7,1
DA:8,3
DA:9,3
DA:10,3
DA:11,3
DA:12,4
DA:13,4
DA:14,4
DA:15,4
DA:16,4
LF:16
LH:16
BRDA:3,0,0,4
BRDA:6,1,0,1
BRDA:7,2,0,3
BRF:3
BRH:3
end_of_record
TN:
SF:src/modules/date.ts
FN:3,checkDay
FN:7,checkHour
FN:11,checkMin
FN:15,checkDate
FNF:4
FNH:2
FNDA:1,checkDay
FNDA:0,checkHour
FNDA:0,checkMin
FNDA:3,checkDate
DA:1,1
DA:2,1
DA:3,1
DA:4,1
DA:5,1
DA:6,1
DA:7,1
DA:8,0
DA:9,0
DA:10,1
DA:11,1
DA:12,0
DA:13,0
DA:14,1
DA:15,1
DA:16,3
DA:17,3
DA:18,1
DA:19,0
DA:20,0
DA:21,0
DA:22,0
DA:23,0
DA:24,0
DA:25,0
DA:26,0
DA:27,0
DA:28,0
DA:29,0
DA:30,0
DA:31,0
DA:32,0
DA:33,0
DA:34,0
DA:35,0
DA:36,1
DA:37,1
DA:38,1
DA:39,1
DA:40,1
DA:41,3
DA:42,3
DA:43,3
DA:44,3
DA:45,3
LF:45
LH:24
BRDA:3,0,0,1
BRDA:15,1,0,3
BRDA:17,2,0,1
BRDA:18,3,0,0
BRF:4
BRH:3
end_of_record
TN:
SF:src/modules/format.ts
FN:1,getArray
FNF:1
FNH:1
FNDA:4,getArray
DA:1,1
DA:2,4
DA:3,4
DA:4,4
DA:5,4
DA:6,4
DA:7,4
DA:8,4
LF:8
LH:8
BRDA:1,0,0,4
BRDA:4,1,0,56
BRDA:7,2,0,56
BRF:3
BRH:3
end_of_record
TN:
SF:src/modules/kind.ts
FN:3,checkKind
FNF:1
FNH:1
FNDA:4,checkKind
DA:1,1
DA:2,1
DA:3,1
DA:4,4
DA:5,2
DA:6,2
DA:7,2
DA:8,2
DA:9,2
DA:10,2
DA:11,2
DA:12,2
DA:13,2
DA:14,2
DA:15,4
LF:15
LH:15
BRDA:3,0,0,4
BRDA:4,1,0,2
BRF:2
BRH:2
end_of_record
